<Module>
    <ModulePrefs
        title="Karma-Test v0.1"
		height="200"
    >
		
		<Require feature="dynamic-height"/>
    
		<Require feature="google.contentmatch">
		  <Param name="extractors">
			google.com:HelloWorld
		  </Param>
		</Require>
	
    </ModulePrefs>
    
    <Content type="html" view="card">
        <![CDATA[
        
			<script type="text/javascript" src="http://example.com/gadgets/sso.js"></script>
		  <script type="text/javascript">

			<!-- Fetch the array of content matches. -->
			matches = google.contentmatch.getContentMatches();
			var matchList = document.createElement('UL');
			var listItem;
			var extractedText;

			<!-- Iterate through the array and display output for each match. -->
			for (var match in matches) {
			  for (var key in matches[match]) {
				listItem = document.createElement('LI');
				extractedText = document.createTextNode(key + ": " + matches[match][key]);
				listItem.appendChild(extractedText);
				matchList.appendChild(listItem);
			  }
			}
			document.body.appendChild(matchList);
			gadgets.window.adjustHeight(100);
		  </script>

            Hello Karma! AAAAAAAAAAAAAAAAAAAAAAAAAAAAAAAAAAAAAAAAAAAAAAAAAAAAAAAAAAAAAAA
            
        ]]>
    </Content>
</Module>