<Module>
    <ModulePrefs
        title="Karma-Test v0.1"
    >
    
    </ModulePrefs>
    
    <Content type="html">
        <![CDATA[
        
            <script type="text/javascript">
            </script>
            
            Hello Karma!
            
        ]]>
    </Content>
</Module>